Determining if the pthread_create exist failed with the following output:
Change Dir: /home/parthmehrotra/Projects/HighPriority/DriveAI/Workspace/build/CMakeFiles/CMakeTmp

Run Build Command:/usr/bin/make "cmTryCompileExec2977056514/fast"
/usr/bin/make -f CMakeFiles/cmTryCompileExec2977056514.dir/build.make CMakeFiles/cmTryCompileExec2977056514.dir/build
make[1]: Entering directory `/home/parthmehrotra/Projects/HighPriority/DriveAI/Workspace/build/CMakeFiles/CMakeTmp'
/usr/bin/cmake -E cmake_progress_report /home/parthmehrotra/Projects/HighPriority/DriveAI/Workspace/build/CMakeFiles/CMakeTmp/CMakeFiles 1
Building C object CMakeFiles/cmTryCompileExec2977056514.dir/CheckSymbolExists.c.o
/usr/bin/cc    -o CMakeFiles/cmTryCompileExec2977056514.dir/CheckSymbolExists.c.o   -c /home/parthmehrotra/Projects/HighPriority/DriveAI/Workspace/build/CMakeFiles/CMakeTmp/CheckSymbolExists.c
Linking C executable cmTryCompileExec2977056514
/usr/bin/cmake -E cmake_link_script CMakeFiles/cmTryCompileExec2977056514.dir/link.txt --verbose=1
/usr/bin/cc       CMakeFiles/cmTryCompileExec2977056514.dir/CheckSymbolExists.c.o  -o cmTryCompileExec2977056514 -rdynamic 
CMakeFiles/cmTryCompileExec2977056514.dir/CheckSymbolExists.c.o: In function `main':
CheckSymbolExists.c:(.text+0x16): undefined reference to `pthread_create'
collect2: error: ld returned 1 exit status
make[1]: *** [cmTryCompileExec2977056514] Error 1
make[1]: Leaving directory `/home/parthmehrotra/Projects/HighPriority/DriveAI/Workspace/build/CMakeFiles/CMakeTmp'
make: *** [cmTryCompileExec2977056514/fast] Error 2

File /home/parthmehrotra/Projects/HighPriority/DriveAI/Workspace/build/CMakeFiles/CMakeTmp/CheckSymbolExists.c:
/* */
#include <pthread.h>

int main(int argc, char** argv)
{
  (void)argv;
#ifndef pthread_create
  return ((int*)(&pthread_create))[argc];
#else
  (void)argc;
  return 0;
#endif
}

Determining if the function pthread_create exists in the pthreads failed with the following output:
Change Dir: /home/parthmehrotra/Projects/HighPriority/DriveAI/Workspace/build/CMakeFiles/CMakeTmp

Run Build Command:/usr/bin/make "cmTryCompileExec3728055840/fast"
/usr/bin/make -f CMakeFiles/cmTryCompileExec3728055840.dir/build.make CMakeFiles/cmTryCompileExec3728055840.dir/build
make[1]: Entering directory `/home/parthmehrotra/Projects/HighPriority/DriveAI/Workspace/build/CMakeFiles/CMakeTmp'
/usr/bin/cmake -E cmake_progress_report /home/parthmehrotra/Projects/HighPriority/DriveAI/Workspace/build/CMakeFiles/CMakeTmp/CMakeFiles 1
Building C object CMakeFiles/cmTryCompileExec3728055840.dir/CheckFunctionExists.c.o
/usr/bin/cc   -DCHECK_FUNCTION_EXISTS=pthread_create   -o CMakeFiles/cmTryCompileExec3728055840.dir/CheckFunctionExists.c.o   -c /usr/share/cmake-2.8/Modules/CheckFunctionExists.c
Linking C executable cmTryCompileExec3728055840
/usr/bin/cmake -E cmake_link_script CMakeFiles/cmTryCompileExec3728055840.dir/link.txt --verbose=1
/usr/bin/cc   -DCHECK_FUNCTION_EXISTS=pthread_create    CMakeFiles/cmTryCompileExec3728055840.dir/CheckFunctionExists.c.o  -o cmTryCompileExec3728055840 -rdynamic -lpthreads 
/usr/bin/ld: cannot find -lpthreads
collect2: error: ld returned 1 exit status
make[1]: *** [cmTryCompileExec3728055840] Error 1
make[1]: Leaving directory `/home/parthmehrotra/Projects/HighPriority/DriveAI/Workspace/build/CMakeFiles/CMakeTmp'
make: *** [cmTryCompileExec3728055840/fast] Error 2


